<?xml version="1.0" encoding="UTF-8"?>
<testng-results ignored="0" total="1" passed="1" failed="0" skipped="0">
  <reporter-output>
  </reporter-output>
  <suite started-at="2019-01-01T13:23:27Z" name="Test" finished-at="2019-01-01T13:32:40Z" duration-ms="553024">
    <groups>
    </groups>
    <test started-at="2019-01-01T13:23:27Z" name="Test" finished-at="2019-01-01T13:32:40Z" duration-ms="553024">
      <class name="com.icix.Utilities.BrowserInstance">
        <test-method is-config="true" signature="beforeTest(java.lang.String, java.lang.String)[pri:0, instance:com.icix.Utilities.BrowserInstance@3a6bb9bf]" started-at="2019-01-01T13:23:27Z" name="beforeTest" finished-at="2019-01-01T13:28:03Z" duration-ms="275832" status="PASS">
          <params>
            <param index="0">
              <value>
                <![CDATA[]]>
              </value>
            </param>
            <param index="1">
              <value>
                <![CDATA[]]>
              </value>
            </param>
          </params>
          <reporter-output>
          </reporter-output>
        </test-method> <!-- beforeTest -->
      </class> <!-- com.icix.Utilities.BrowserInstance -->
      <class name="com.icix.TestCases.QA_28_Test">
        <test-method signature="OpenRequestPage()[pri:0, instance:com.icix.TestCases.QA_28_Test@34f7cfd9]" started-at="2019-01-01T13:28:03Z" name="OpenRequestPage" finished-at="2019-01-01T13:32:40Z" duration-ms="277116" status="PASS">
          <reporter-output>
          </reporter-output>
        </test-method> <!-- OpenRequestPage -->
      </class> <!-- com.icix.TestCases.QA_28_Test -->
    </test> <!-- Test -->
  </suite> <!-- Test -->
</testng-results>
